{"/Users/andreibrahim/Desktop/code/COMP-442/src/common/stringHelpers.ts": {"path":"/Users/andreibrahim/Desktop/code/COMP-442/src/common/stringHelpers.ts","statementMap":{"0":{"start":{"line":2,"column":0},"end":{"line":2,"column":54}},"1":{"start":{"line":5,"column":4},"end":{"line":5,"column":47}},"2":{"start":{"line":86,"column":4},"end":{"line":86,"column":11}},"3":{"start":{"line":9,"column":4},"end":{"line":9,"column":47}},"4":{"start":{"line":87,"column":4},"end":{"line":87,"column":18}},"5":{"start":{"line":13,"column":4},"end":{"line":13,"column":54}},"6":{"start":{"line":88,"column":4},"end":{"line":88,"column":12}},"7":{"start":{"line":17,"column":4},"end":{"line":17,"column":62}},"8":{"start":{"line":89,"column":4},"end":{"line":89,"column":14}},"9":{"start":{"line":21,"column":4},"end":{"line":21,"column":45}},"10":{"start":{"line":90,"column":4},"end":{"line":90,"column":16}},"11":{"start":{"line":25,"column":4},"end":{"line":32,"column":6}},"12":{"start":{"line":91,"column":4},"end":{"line":91,"column":17}},"13":{"start":{"line":35,"column":33},"end":{"line":58,"column":2}},"14":{"start":{"line":92,"column":4},"end":{"line":92,"column":28}},"15":{"start":{"line":60,"column":36},"end":{"line":78,"column":2}},"16":{"start":{"line":93,"column":4},"end":{"line":93,"column":31}},"17":{"start":{"line":81,"column":19},"end":{"line":81,"column":109}},"18":{"start":{"line":82,"column":4},"end":{"line":82,"column":59}},"19":{"start":{"line":94,"column":4},"end":{"line":94,"column":17}}},"fnMap":{"0":{"name":"isDigit","decl":{"start":{"line":4,"column":9},"end":{"line":4,"column":16}},"loc":{"start":{"line":4,"column":33},"end":{"line":6,"column":1}}},"1":{"name":"isNonZeroDigit","decl":{"start":{"line":8,"column":9},"end":{"line":8,"column":23}},"loc":{"start":{"line":8,"column":40},"end":{"line":10,"column":1}}},"2":{"name":"isLetter","decl":{"start":{"line":12,"column":9},"end":{"line":12,"column":17}},"loc":{"start":{"line":12,"column":35},"end":{"line":14,"column":1}}},"3":{"name":"isAlphanum","decl":{"start":{"line":16,"column":9},"end":{"line":16,"column":19}},"loc":{"start":{"line":16,"column":37},"end":{"line":18,"column":1}}},"4":{"name":"isWhiteSpace","decl":{"start":{"line":20,"column":9},"end":{"line":20,"column":21}},"loc":{"start":{"line":20,"column":39},"end":{"line":22,"column":1}}},"5":{"name":"isInAlaphabet","decl":{"start":{"line":24,"column":9},"end":{"line":24,"column":22}},"loc":{"start":{"line":24,"column":40},"end":{"line":33,"column":1}}},"6":{"name":"tokenToString","decl":{"start":{"line":80,"column":9},"end":{"line":80,"column":22}},"loc":{"start":{"line":80,"column":35},"end":{"line":83,"column":1}}}},"branchMap":{"0":{"loc":{"start":{"line":26,"column":8},"end":{"line":31,"column":24}},"type":"binary-expr","locations":[{"start":{"line":26,"column":8},"end":{"line":27,"column":null}},{"start":{"line":29,"column":8},"end":{"line":29,"column":25}},{"start":{"line":30,"column":8},"end":{"line":30,"column":25}},{"start":{"line":31,"column":8},"end":{"line":31,"column":24}}]}},"s":{"0":1,"1":47,"2":1,"3":0,"4":1,"5":31,"6":1,"7":9,"8":1,"9":16,"10":1,"11":16,"12":1,"13":1,"14":1,"15":1,"16":1,"17":0,"18":0,"19":1},"f":{"0":47,"1":0,"2":31,"3":9,"4":16,"5":16,"6":0},"b":{"0":[16,1,1,1]}}
,"/Users/andreibrahim/Desktop/code/COMP-442/src/lexical_analysis/AbstractLexer.ts": {"path":"/Users/andreibrahim/Desktop/code/COMP-442/src/lexical_analysis/AbstractLexer.ts","statementMap":{"0":{"start":{"line":7,"column":0},"end":{"line":7,"column":29}}},"fnMap":{},"branchMap":{},"s":{"0":1},"f":{},"b":{}}
,"/Users/andreibrahim/Desktop/code/COMP-442/src/lexical_analysis/Lexer.ts": {"path":"/Users/andreibrahim/Desktop/code/COMP-442/src/lexical_analysis/Lexer.ts","statementMap":{"0":{"start":{"line":1,"column":0},"end":{"line":1,"column":44}},"1":{"start":{"line":2,"column":0},"end":{"line":2,"column":36}},"2":{"start":{"line":3,"column":0},"end":{"line":3,"column":null}},"3":{"start":{"line":20,"column":8},"end":{"line":20,"column":16}},"4":{"start":{"line":16,"column":12},"end":{"line":16,"column":23}},"5":{"start":{"line":17,"column":12},"end":{"line":17,"column":21}},"6":{"start":{"line":21,"column":8},"end":{"line":21,"column":31}},"7":{"start":{"line":26,"column":8},"end":{"line":241,"column":null}},"8":{"start":{"line":27,"column":28},"end":{"line":27,"column":42}},"9":{"start":{"line":31,"column":12},"end":{"line":39,"column":null}},"10":{"start":{"line":32,"column":16},"end":{"line":32,"column":61}},"11":{"start":{"line":33,"column":16},"end":{"line":33,"column":30}},"12":{"start":{"line":34,"column":16},"end":{"line":38,"column":null}},"13":{"start":{"line":35,"column":20},"end":{"line":35,"column":26}},"14":{"start":{"line":36,"column":23},"end":{"line":38,"column":null}},"15":{"start":{"line":37,"column":20},"end":{"line":37,"column":32}},"16":{"start":{"line":41,"column":25},"end":{"line":41,"column":34}},"17":{"start":{"line":44,"column":12},"end":{"line":46,"column":null}},"18":{"start":{"line":45,"column":16},"end":{"line":45,"column":95}},"19":{"start":{"line":49,"column":12},"end":{"line":68,"column":null}},"20":{"start":{"line":50,"column":16},"end":{"line":50,"column":41}},"21":{"start":{"line":53,"column":16},"end":{"line":55,"column":null}},"22":{"start":{"line":54,"column":20},"end":{"line":54,"column":52}},"23":{"start":{"line":57,"column":16},"end":{"line":61,"column":null}},"24":{"start":{"line":58,"column":38},"end":{"line":58,"column":70}},"25":{"start":{"line":59,"column":20},"end":{"line":59,"column":40}},"26":{"start":{"line":60,"column":20},"end":{"line":60,"column":34}},"27":{"start":{"line":63,"column":40},"end":{"line":63,"column":76}},"28":{"start":{"line":64,"column":16},"end":{"line":66,"column":null}},"29":{"start":{"line":65,"column":20},"end":{"line":65,"column":48}},"30":{"start":{"line":67,"column":16},"end":{"line":67,"column":72}},"31":{"start":{"line":71,"column":12},"end":{"line":155,"column":null}},"32":{"start":{"line":72,"column":16},"end":{"line":72,"column":45}},"33":{"start":{"line":74,"column":38},"end":{"line":74,"column":43}},"34":{"start":{"line":76,"column":16},"end":{"line":83,"column":null}},"35":{"start":{"line":77,"column":38},"end":{"line":77,"column":70}},"36":{"start":{"line":78,"column":20},"end":{"line":80,"column":null}},"37":{"start":{"line":79,"column":24},"end":{"line":79,"column":47}},"38":{"start":{"line":81,"column":20},"end":{"line":81,"column":40}},"39":{"start":{"line":82,"column":20},"end":{"line":82,"column":34}},"40":{"start":{"line":86,"column":16},"end":{"line":91,"column":null}},"41":{"start":{"line":87,"column":20},"end":{"line":87,"column":51}},"42":{"start":{"line":88,"column":38},"end":{"line":88,"column":70}},"43":{"start":{"line":89,"column":20},"end":{"line":89,"column":40}},"44":{"start":{"line":90,"column":20},"end":{"line":90,"column":34}},"45":{"start":{"line":94,"column":16},"end":{"line":98,"column":null}},"46":{"start":{"line":95,"column":38},"end":{"line":95,"column":70}},"47":{"start":{"line":96,"column":20},"end":{"line":96,"column":40}},"48":{"start":{"line":97,"column":20},"end":{"line":97,"column":34}},"49":{"start":{"line":101,"column":44},"end":{"line":101,"column":61}},"50":{"start":{"line":104,"column":16},"end":{"line":106,"column":null}},"51":{"start":{"line":105,"column":20},"end":{"line":105,"column":53}},"52":{"start":{"line":108,"column":16},"end":{"line":110,"column":null}},"53":{"start":{"line":109,"column":20},"end":{"line":109,"column":53}},"54":{"start":{"line":113,"column":16},"end":{"line":115,"column":null}},"55":{"start":{"line":114,"column":20},"end":{"line":114,"column":53}},"56":{"start":{"line":117,"column":43},"end":{"line":117,"column":48}},"57":{"start":{"line":120,"column":16},"end":{"line":126,"column":null}},"58":{"start":{"line":121,"column":20},"end":{"line":121,"column":53}},"59":{"start":{"line":122,"column":20},"end":{"line":122,"column":48}},"60":{"start":{"line":123,"column":38},"end":{"line":123,"column":70}},"61":{"start":{"line":124,"column":20},"end":{"line":124,"column":40}},"62":{"start":{"line":125,"column":20},"end":{"line":125,"column":34}},"63":{"start":{"line":129,"column":16},"end":{"line":131,"column":null}},"64":{"start":{"line":130,"column":20},"end":{"line":130,"column":65}},"65":{"start":{"line":133,"column":16},"end":{"line":136,"column":null}},"66":{"start":{"line":134,"column":20},"end":{"line":134,"column":51}},"67":{"start":{"line":135,"column":20},"end":{"line":135,"column":65}},"68":{"start":{"line":138,"column":37},"end":{"line":138,"column":68}},"69":{"start":{"line":140,"column":16},"end":{"line":148,"column":null}},"70":{"start":{"line":147,"column":20},"end":{"line":147,"column":53}},"71":{"start":{"line":150,"column":16},"end":{"line":152,"column":null}},"72":{"start":{"line":151,"column":20},"end":{"line":151,"column":53}},"73":{"start":{"line":154,"column":16},"end":{"line":154,"column":72}},"74":{"start":{"line":157,"column":36},"end":{"line":157,"column":78}},"75":{"start":{"line":159,"column":12},"end":{"line":240,"column":null}},"76":{"start":{"line":160,"column":16},"end":{"line":160,"column":44}},"77":{"start":{"line":162,"column":16},"end":{"line":165,"column":null}},"78":{"start":{"line":163,"column":20},"end":{"line":163,"column":45}},"79":{"start":{"line":164,"column":20},"end":{"line":164,"column":34}},"80":{"start":{"line":167,"column":16},"end":{"line":171,"column":null}},"81":{"start":{"line":168,"column":20},"end":{"line":168,"column":48}},"82":{"start":{"line":169,"column":20},"end":{"line":169,"column":42}},"83":{"start":{"line":170,"column":20},"end":{"line":170,"column":34}},"84":{"start":{"line":173,"column":16},"end":{"line":177,"column":null}},"85":{"start":{"line":174,"column":20},"end":{"line":174,"column":46}},"86":{"start":{"line":175,"column":20},"end":{"line":175,"column":42}},"87":{"start":{"line":176,"column":20},"end":{"line":176,"column":34}},"88":{"start":{"line":179,"column":16},"end":{"line":183,"column":null}},"89":{"start":{"line":180,"column":20},"end":{"line":180,"column":46}},"90":{"start":{"line":181,"column":20},"end":{"line":181,"column":42}},"91":{"start":{"line":182,"column":20},"end":{"line":182,"column":34}},"92":{"start":{"line":185,"column":16},"end":{"line":189,"column":null}},"93":{"start":{"line":186,"column":20},"end":{"line":186,"column":53}},"94":{"start":{"line":187,"column":20},"end":{"line":187,"column":42}},"95":{"start":{"line":188,"column":20},"end":{"line":188,"column":34}},"96":{"start":{"line":191,"column":16},"end":{"line":195,"column":null}},"97":{"start":{"line":192,"column":20},"end":{"line":192,"column":50}},"98":{"start":{"line":193,"column":20},"end":{"line":193,"column":42}},"99":{"start":{"line":194,"column":20},"end":{"line":194,"column":34}},"100":{"start":{"line":197,"column":16},"end":{"line":206,"column":null}},"101":{"start":{"line":198,"column":20},"end":{"line":198,"column":52}},"102":{"start":{"line":199,"column":20},"end":{"line":199,"column":65}},"103":{"start":{"line":201,"column":20},"end":{"line":203,"column":null}},"104":{"start":{"line":202,"column":24},"end":{"line":202,"column":69}},"105":{"start":{"line":205,"column":20},"end":{"line":205,"column":76}},"106":{"start":{"line":208,"column":16},"end":{"line":237,"column":null}},"107":{"start":{"line":209,"column":20},"end":{"line":209,"column":51}},"108":{"start":{"line":210,"column":47},"end":{"line":210,"column":56}},"109":{"start":{"line":211,"column":20},"end":{"line":211,"column":65}},"110":{"start":{"line":213,"column":34},"end":{"line":213,"column":35}},"111":{"start":{"line":215,"column":20},"end":{"line":234,"column":null}},"112":{"start":{"line":216,"column":24},"end":{"line":216,"column":69}},"113":{"start":{"line":217,"column":24},"end":{"line":219,"column":null}},"114":{"start":{"line":218,"column":28},"end":{"line":218,"column":38}},"115":{"start":{"line":220,"column":24},"end":{"line":222,"column":null}},"116":{"start":{"line":221,"column":28},"end":{"line":221,"column":38}},"117":{"start":{"line":224,"column":24},"end":{"line":228,"column":null}},"118":{"start":{"line":225,"column":28},"end":{"line":225,"column":73}},"119":{"start":{"line":226,"column":28},"end":{"line":226,"column":71}},"120":{"start":{"line":227,"column":28},"end":{"line":227,"column":34}},"121":{"start":{"line":230,"column":24},"end":{"line":233,"column":null}},"122":{"start":{"line":231,"column":28},"end":{"line":231,"column":66}},"123":{"start":{"line":232,"column":28},"end":{"line":232,"column":34}},"124":{"start":{"line":236,"column":20},"end":{"line":236,"column":85}},"125":{"start":{"line":239,"column":16},"end":{"line":239,"column":72}},"126":{"start":{"line":243,"column":8},"end":{"line":243,"column":72}},"127":{"start":{"line":247,"column":8},"end":{"line":247,"column":48}},"128":{"start":{"line":14,"column":0},"end":{"line":14,"column":21}}},"fnMap":{"0":{"name":"(anonymous_1)","decl":{"start":{"line":19,"column":4},"end":{"line":19,"column":16}},"loc":{"start":{"line":19,"column":31},"end":{"line":22,"column":5}}},"1":{"name":"(anonymous_2)","decl":{"start":{"line":24,"column":4},"end":{"line":24,"column":13}},"loc":{"start":{"line":24,"column":13},"end":{"line":244,"column":5}}},"2":{"name":"(anonymous_3)","decl":{"start":{"line":246,"column":12},"end":{"line":246,"column":16}},"loc":{"start":{"line":246,"column":16},"end":{"line":248,"column":5}}}},"branchMap":{"0":{"loc":{"start":{"line":26,"column":8},"end":{"line":241,"column":null}},"type":"if","locations":[{"start":{"line":26,"column":8},"end":{"line":241,"column":null}}]},"1":{"loc":{"start":{"line":34,"column":16},"end":{"line":38,"column":null}},"type":"if","locations":[{"start":{"line":34,"column":16},"end":{"line":38,"column":null}},{"start":{"line":36,"column":23},"end":{"line":38,"column":null}}]},"2":{"loc":{"start":{"line":36,"column":23},"end":{"line":38,"column":null}},"type":"if","locations":[{"start":{"line":36,"column":23},"end":{"line":38,"column":null}}]},"3":{"loc":{"start":{"line":44,"column":12},"end":{"line":46,"column":null}},"type":"if","locations":[{"start":{"line":44,"column":12},"end":{"line":46,"column":null}}]},"4":{"loc":{"start":{"line":49,"column":12},"end":{"line":68,"column":null}},"type":"if","locations":[{"start":{"line":49,"column":12},"end":{"line":68,"column":null}}]},"5":{"loc":{"start":{"line":49,"column":16},"end":{"line":49,"column":55}},"type":"binary-expr","locations":[{"start":{"line":49,"column":16},"end":{"line":49,"column":35}},{"start":{"line":49,"column":39},"end":{"line":49,"column":55}}]},"6":{"loc":{"start":{"line":53,"column":16},"end":{"line":55,"column":null}},"type":"if","locations":[{"start":{"line":53,"column":16},"end":{"line":55,"column":null}}]},"7":{"loc":{"start":{"line":64,"column":16},"end":{"line":66,"column":null}},"type":"if","locations":[{"start":{"line":64,"column":16},"end":{"line":66,"column":null}}]},"8":{"loc":{"start":{"line":71,"column":12},"end":{"line":155,"column":null}},"type":"if","locations":[{"start":{"line":71,"column":12},"end":{"line":155,"column":null}}]},"9":{"loc":{"start":{"line":76,"column":23},"end":{"line":76,"column":93}},"type":"binary-expr","locations":[{"start":{"line":76,"column":23},"end":{"line":76,"column":43}},{"start":{"line":76,"column":48},"end":{"line":76,"column":69}},{"start":{"line":76,"column":73},"end":{"line":76,"column":92}}]},"10":{"loc":{"start":{"line":78,"column":20},"end":{"line":80,"column":null}},"type":"if","locations":[{"start":{"line":78,"column":20},"end":{"line":80,"column":null}}]},"11":{"loc":{"start":{"line":86,"column":16},"end":{"line":91,"column":null}},"type":"if","locations":[{"start":{"line":86,"column":16},"end":{"line":91,"column":null}}]},"12":{"loc":{"start":{"line":94,"column":23},"end":{"line":94,"column":79}},"type":"binary-expr","locations":[{"start":{"line":94,"column":23},"end":{"line":94,"column":55}},{"start":{"line":94,"column":59},"end":{"line":94,"column":79}}]},"13":{"loc":{"start":{"line":104,"column":16},"end":{"line":106,"column":null}},"type":"if","locations":[{"start":{"line":104,"column":16},"end":{"line":106,"column":null}}]},"14":{"loc":{"start":{"line":104,"column":20},"end":{"line":104,"column":67}},"type":"binary-expr","locations":[{"start":{"line":104,"column":20},"end":{"line":104,"column":38}},{"start":{"line":104,"column":42},"end":{"line":104,"column":67}}]},"15":{"loc":{"start":{"line":108,"column":16},"end":{"line":110,"column":null}},"type":"if","locations":[{"start":{"line":108,"column":16},"end":{"line":110,"column":null}}]},"16":{"loc":{"start":{"line":108,"column":20},"end":{"line":108,"column":65}},"type":"binary-expr","locations":[{"start":{"line":108,"column":20},"end":{"line":108,"column":52}},{"start":{"line":108,"column":56},"end":{"line":108,"column":65}}]},"17":{"loc":{"start":{"line":113,"column":16},"end":{"line":115,"column":null}},"type":"if","locations":[{"start":{"line":113,"column":16},"end":{"line":115,"column":null}}]},"18":{"loc":{"start":{"line":113,"column":20},"end":{"line":113,"column":99}},"type":"binary-expr","locations":[{"start":{"line":113,"column":20},"end":{"line":113,"column":28}},{"start":{"line":113,"column":32},"end":{"line":113,"column":51}},{"start":{"line":113,"column":55},"end":{"line":113,"column":99}}]},"19":{"loc":{"start":{"line":120,"column":16},"end":{"line":126,"column":null}},"type":"if","locations":[{"start":{"line":120,"column":16},"end":{"line":126,"column":null}}]},"20":{"loc":{"start":{"line":129,"column":16},"end":{"line":131,"column":null}},"type":"if","locations":[{"start":{"line":129,"column":16},"end":{"line":131,"column":null}}]},"21":{"loc":{"start":{"line":129,"column":20},"end":{"line":129,"column":88}},"type":"binary-expr","locations":[{"start":{"line":129,"column":20},"end":{"line":129,"column":40}},{"start":{"line":129,"column":45},"end":{"line":129,"column":64}},{"start":{"line":129,"column":68},"end":{"line":129,"column":87}}]},"22":{"loc":{"start":{"line":133,"column":23},"end":{"line":133,"column":67}},"type":"binary-expr","locations":[{"start":{"line":133,"column":23},"end":{"line":133,"column":43}},{"start":{"line":133,"column":47},"end":{"line":133,"column":67}}]},"23":{"loc":{"start":{"line":140,"column":16},"end":{"line":148,"column":null}},"type":"if","locations":[{"start":{"line":140,"column":16},"end":{"line":148,"column":null}}]},"24":{"loc":{"start":{"line":141,"column":20},"end":{"line":145,"column":63}},"type":"binary-expr","locations":[{"start":{"line":141,"column":20},"end":{"line":141,"column":40}},{"start":{"line":142,"column":20},"end":{"line":142,"column":52}},{"start":{"line":143,"column":21},"end":{"line":143,"column":63}},{"start":{"line":144,"column":24},"end":{"line":144,"column":45}},{"start":{"line":145,"column":24},"end":{"line":145,"column":62}}]},"25":{"loc":{"start":{"line":143,"column":21},"end":{"line":143,"column":55}},"type":"cond-expr","locations":[{"start":{"line":143,"column":44},"end":{"line":143,"column":46}},{"start":{"line":143,"column":44},"end":{"line":143,"column":55}}]},"26":{"loc":{"start":{"line":143,"column":21},"end":{"line":143,"column":46}},"type":"binary-expr","locations":[{"start":{"line":143,"column":21},"end":{"line":143,"column":46}},{"start":{"line":143,"column":44},"end":{"line":143,"column":46}}]},"27":{"loc":{"start":{"line":150,"column":16},"end":{"line":152,"column":null}},"type":"if","locations":[{"start":{"line":150,"column":16},"end":{"line":152,"column":null}}]},"28":{"loc":{"start":{"line":159,"column":12},"end":{"line":240,"column":null}},"type":"if","locations":[{"start":{"line":159,"column":12},"end":{"line":240,"column":null}}]},"29":{"loc":{"start":{"line":162,"column":16},"end":{"line":165,"column":null}},"type":"if","locations":[{"start":{"line":162,"column":16},"end":{"line":165,"column":null}}]},"30":{"loc":{"start":{"line":162,"column":20},"end":{"line":162,"column":72}},"type":"binary-expr","locations":[{"start":{"line":162,"column":20},"end":{"line":162,"column":49}},{"start":{"line":162,"column":53},"end":{"line":162,"column":72}}]},"31":{"loc":{"start":{"line":167,"column":16},"end":{"line":171,"column":null}},"type":"if","locations":[{"start":{"line":167,"column":16},"end":{"line":171,"column":null}}]},"32":{"loc":{"start":{"line":167,"column":20},"end":{"line":167,"column":69}},"type":"binary-expr","locations":[{"start":{"line":167,"column":20},"end":{"line":167,"column":46}},{"start":{"line":167,"column":50},"end":{"line":167,"column":69}}]},"33":{"loc":{"start":{"line":173,"column":16},"end":{"line":177,"column":null}},"type":"if","locations":[{"start":{"line":173,"column":16},"end":{"line":177,"column":null}}]},"34":{"loc":{"start":{"line":173,"column":20},"end":{"line":173,"column":69}},"type":"binary-expr","locations":[{"start":{"line":173,"column":20},"end":{"line":173,"column":46}},{"start":{"line":173,"column":50},"end":{"line":173,"column":69}}]},"35":{"loc":{"start":{"line":179,"column":16},"end":{"line":183,"column":null}},"type":"if","locations":[{"start":{"line":179,"column":16},"end":{"line":183,"column":null}}]},"36":{"loc":{"start":{"line":179,"column":20},"end":{"line":179,"column":69}},"type":"binary-expr","locations":[{"start":{"line":179,"column":20},"end":{"line":179,"column":46}},{"start":{"line":179,"column":50},"end":{"line":179,"column":69}}]},"37":{"loc":{"start":{"line":185,"column":16},"end":{"line":189,"column":null}},"type":"if","locations":[{"start":{"line":185,"column":16},"end":{"line":189,"column":null}}]},"38":{"loc":{"start":{"line":185,"column":20},"end":{"line":185,"column":72}},"type":"binary-expr","locations":[{"start":{"line":185,"column":20},"end":{"line":185,"column":49}},{"start":{"line":185,"column":53},"end":{"line":185,"column":72}}]},"39":{"loc":{"start":{"line":191,"column":16},"end":{"line":195,"column":null}},"type":"if","locations":[{"start":{"line":191,"column":16},"end":{"line":195,"column":null}}]},"40":{"loc":{"start":{"line":191,"column":20},"end":{"line":191,"column":72}},"type":"binary-expr","locations":[{"start":{"line":191,"column":20},"end":{"line":191,"column":49}},{"start":{"line":191,"column":53},"end":{"line":191,"column":72}}]},"41":{"loc":{"start":{"line":197,"column":16},"end":{"line":206,"column":null}},"type":"if","locations":[{"start":{"line":197,"column":16},"end":{"line":206,"column":null}}]},"42":{"loc":{"start":{"line":197,"column":20},"end":{"line":197,"column":70}},"type":"binary-expr","locations":[{"start":{"line":197,"column":20},"end":{"line":197,"column":47}},{"start":{"line":197,"column":51},"end":{"line":197,"column":70}}]},"43":{"loc":{"start":{"line":201,"column":27},"end":{"line":201,"column":69}},"type":"binary-expr","locations":[{"start":{"line":201,"column":27},"end":{"line":201,"column":47}},{"start":{"line":201,"column":51},"end":{"line":201,"column":69}}]},"44":{"loc":{"start":{"line":208,"column":16},"end":{"line":237,"column":null}},"type":"if","locations":[{"start":{"line":208,"column":16},"end":{"line":237,"column":null}}]},"45":{"loc":{"start":{"line":208,"column":20},"end":{"line":208,"column":70}},"type":"binary-expr","locations":[{"start":{"line":208,"column":20},"end":{"line":208,"column":47}},{"start":{"line":208,"column":51},"end":{"line":208,"column":70}}]},"46":{"loc":{"start":{"line":217,"column":24},"end":{"line":219,"column":null}},"type":"if","locations":[{"start":{"line":217,"column":24},"end":{"line":219,"column":null}}]},"47":{"loc":{"start":{"line":217,"column":28},"end":{"line":217,"column":81}},"type":"binary-expr","locations":[{"start":{"line":217,"column":28},"end":{"line":217,"column":58}},{"start":{"line":217,"column":62},"end":{"line":217,"column":81}}]},"48":{"loc":{"start":{"line":220,"column":24},"end":{"line":222,"column":null}},"type":"if","locations":[{"start":{"line":220,"column":24},"end":{"line":222,"column":null}}]},"49":{"loc":{"start":{"line":220,"column":28},"end":{"line":220,"column":81}},"type":"binary-expr","locations":[{"start":{"line":220,"column":28},"end":{"line":220,"column":58}},{"start":{"line":220,"column":62},"end":{"line":220,"column":81}}]},"50":{"loc":{"start":{"line":224,"column":24},"end":{"line":228,"column":null}},"type":"if","locations":[{"start":{"line":224,"column":24},"end":{"line":228,"column":null}}]},"51":{"loc":{"start":{"line":230,"column":24},"end":{"line":233,"column":null}},"type":"if","locations":[{"start":{"line":230,"column":24},"end":{"line":233,"column":null}}]}},"s":{"0":1,"1":1,"2":1,"3":14,"4":14,"5":14,"6":14,"7":16,"8":16,"9":16,"10":16,"11":16,"12":16,"13":16,"14":0,"15":0,"16":16,"17":16,"18":1,"19":15,"20":3,"21":3,"22":0,"23":3,"24":6,"25":6,"26":6,"27":3,"28":3,"29":0,"30":3,"31":12,"32":7,"33":7,"34":7,"35":9,"36":9,"37":0,"38":9,"39":9,"40":7,"41":5,"42":5,"43":5,"44":5,"45":7,"46":10,"47":10,"48":10,"49":7,"50":7,"51":2,"52":7,"53":0,"54":7,"55":1,"56":7,"57":7,"58":1,"59":1,"60":1,"61":1,"62":1,"63":7,"64":0,"65":7,"66":3,"67":3,"68":7,"69":7,"70":1,"71":7,"72":0,"73":7,"74":5,"75":5,"76":5,"77":5,"78":0,"79":0,"80":5,"81":0,"82":0,"83":0,"84":5,"85":0,"86":0,"87":0,"88":5,"89":0,"90":0,"91":0,"92":5,"93":0,"94":0,"95":0,"96":5,"97":0,"98":0,"99":0,"100":5,"101":1,"102":1,"103":1,"104":27,"105":1,"106":4,"107":3,"108":3,"109":3,"110":3,"111":3,"112":120,"113":120,"114":1,"115":120,"116":3,"117":120,"118":2,"119":2,"120":2,"121":118,"122":1,"123":1,"124":3,"125":1,"126":0,"127":256,"128":1},"f":{"0":14,"1":16,"2":256},"b":{"0":[16],"1":[16,0],"2":[0],"3":[1],"4":[3],"5":[15,12],"6":[0],"7":[0],"8":[7],"9":[16,7,0],"10":[0],"11":[5],"12":[17,15],"13":[2],"14":[7,7],"15":[0],"16":[7,4],"17":[1],"18":[7,5,4],"19":[1],"20":[0],"21":[7,1,1],"22":[10,4],"23":[1],"24":[7,1,1,0,0],"25":[0,1],"26":[1,1],"27":[0],"28":[5],"29":[0],"30":[5,1],"31":[0],"32":[5,0],"33":[0],"34":[5,0],"35":[0],"36":[5,0],"37":[0],"38":[5,1],"39":[0],"40":[5,0],"41":[1],"42":[5,4],"43":[28,28],"44":[3],"45":[4,3],"46":[1],"47":[120,2],"48":[3],"49":[120,4],"50":[2],"51":[1]}}
,"/Users/andreibrahim/Desktop/code/COMP-442/src/lexical_analysis/TokenType.ts": {"path":"/Users/andreibrahim/Desktop/code/COMP-442/src/lexical_analysis/TokenType.ts","statementMap":{"0":{"start":{"line":1,"column":0},"end":{"line":1,"column":null}},"1":{"start":{"line":2,"column":4},"end":{"line":2,"column":null}},"2":{"start":{"line":3,"column":4},"end":{"line":3,"column":null}},"3":{"start":{"line":4,"column":4},"end":{"line":4,"column":null}},"4":{"start":{"line":5,"column":4},"end":{"line":5,"column":null}},"5":{"start":{"line":6,"column":4},"end":{"line":6,"column":null}},"6":{"start":{"line":7,"column":4},"end":{"line":7,"column":null}},"7":{"start":{"line":8,"column":4},"end":{"line":8,"column":null}},"8":{"start":{"line":9,"column":4},"end":{"line":9,"column":null}},"9":{"start":{"line":10,"column":4},"end":{"line":10,"column":null}},"10":{"start":{"line":11,"column":4},"end":{"line":11,"column":null}},"11":{"start":{"line":12,"column":4},"end":{"line":12,"column":null}},"12":{"start":{"line":13,"column":4},"end":{"line":13,"column":null}},"13":{"start":{"line":14,"column":4},"end":{"line":14,"column":null}},"14":{"start":{"line":15,"column":4},"end":{"line":15,"column":null}},"15":{"start":{"line":16,"column":4},"end":{"line":16,"column":null}},"16":{"start":{"line":17,"column":4},"end":{"line":17,"column":null}},"17":{"start":{"line":18,"column":4},"end":{"line":18,"column":null}},"18":{"start":{"line":19,"column":4},"end":{"line":19,"column":null}},"19":{"start":{"line":20,"column":4},"end":{"line":20,"column":null}},"20":{"start":{"line":21,"column":4},"end":{"line":21,"column":null}},"21":{"start":{"line":22,"column":4},"end":{"line":22,"column":null}},"22":{"start":{"line":23,"column":4},"end":{"line":23,"column":null}},"23":{"start":{"line":24,"column":4},"end":{"line":24,"column":null}},"24":{"start":{"line":25,"column":4},"end":{"line":25,"column":null}},"25":{"start":{"line":26,"column":4},"end":{"line":26,"column":null}},"26":{"start":{"line":27,"column":4},"end":{"line":27,"column":null}},"27":{"start":{"line":28,"column":4},"end":{"line":28,"column":null}},"28":{"start":{"line":29,"column":4},"end":{"line":29,"column":null}},"29":{"start":{"line":30,"column":4},"end":{"line":30,"column":null}},"30":{"start":{"line":31,"column":4},"end":{"line":31,"column":null}},"31":{"start":{"line":32,"column":4},"end":{"line":32,"column":null}},"32":{"start":{"line":33,"column":4},"end":{"line":33,"column":null}},"33":{"start":{"line":34,"column":4},"end":{"line":34,"column":null}},"34":{"start":{"line":35,"column":4},"end":{"line":35,"column":null}},"35":{"start":{"line":36,"column":4},"end":{"line":36,"column":null}},"36":{"start":{"line":37,"column":4},"end":{"line":37,"column":null}},"37":{"start":{"line":38,"column":4},"end":{"line":38,"column":null}},"38":{"start":{"line":39,"column":4},"end":{"line":39,"column":null}},"39":{"start":{"line":40,"column":4},"end":{"line":40,"column":null}},"40":{"start":{"line":41,"column":4},"end":{"line":41,"column":null}},"41":{"start":{"line":42,"column":4},"end":{"line":42,"column":null}},"42":{"start":{"line":43,"column":4},"end":{"line":43,"column":null}},"43":{"start":{"line":44,"column":4},"end":{"line":44,"column":null}},"44":{"start":{"line":45,"column":4},"end":{"line":45,"column":null}},"45":{"start":{"line":46,"column":4},"end":{"line":46,"column":null}},"46":{"start":{"line":47,"column":4},"end":{"line":47,"column":null}},"47":{"start":{"line":48,"column":4},"end":{"line":48,"column":null}},"48":{"start":{"line":49,"column":4},"end":{"line":49,"column":null}},"49":{"start":{"line":50,"column":4},"end":{"line":50,"column":null}},"50":{"start":{"line":51,"column":4},"end":{"line":51,"column":null}},"51":{"start":{"line":52,"column":4},"end":{"line":52,"column":null}},"52":{"start":{"line":53,"column":4},"end":{"line":53,"column":null}},"53":{"start":{"line":54,"column":4},"end":{"line":54,"column":null}},"54":{"start":{"line":55,"column":4},"end":{"line":55,"column":null}},"55":{"start":{"line":56,"column":4},"end":{"line":56,"column":null}},"56":{"start":{"line":57,"column":4},"end":{"line":57,"column":null}},"57":{"start":{"line":60,"column":0},"end":{"line":60,"column":25}}},"fnMap":{"0":{"name":"(anonymous_0)","decl":{"start":{"line":1,"column":0},"end":{"line":1,"column":5}},"loc":{"start":{"line":1,"column":14},"end":{"line":58,"column":1}}}},"branchMap":{"0":{"loc":{"start":{"line":1,"column":5},"end":{"line":1,"column":null}},"type":"binary-expr","locations":[{"start":{"line":1,"column":5},"end":{"line":1,"column":14}},{"start":{"line":1,"column":5},"end":{"line":1,"column":null}}]}},"s":{"0":1,"1":1,"2":1,"3":1,"4":1,"5":1,"6":1,"7":1,"8":1,"9":1,"10":1,"11":1,"12":1,"13":1,"14":1,"15":1,"16":1,"17":1,"18":1,"19":1,"20":1,"21":1,"22":1,"23":1,"24":1,"25":1,"26":1,"27":1,"28":1,"29":1,"30":1,"31":1,"32":1,"33":1,"34":1,"35":1,"36":1,"37":1,"38":1,"39":1,"40":1,"41":1,"42":1,"43":1,"44":1,"45":1,"46":1,"47":1,"48":1,"49":1,"50":1,"51":1,"52":1,"53":1,"54":1,"55":1,"56":1,"57":1},"f":{"0":1},"b":{"0":[1,1]}}
}
