TN:
SF:src/common/stringHelpers.ts
FN:4,isDigit
FN:8,isNonZeroDigit
FN:12,isLetter
FN:16,isAlphanum
FN:20,isWhiteSpace
FN:24,isInAlaphabet
FN:80,tokenToString
FNF:7
FNH:5
FNDA:47,isDigit
FNDA:0,isNonZeroDigit
FNDA:31,isLetter
FNDA:9,isAlphanum
FNDA:16,isWhiteSpace
FNDA:16,isInAlaphabet
FNDA:0,tokenToString
DA:2,1
DA:5,47
DA:9,0
DA:13,31
DA:17,9
DA:21,16
DA:25,16
DA:35,1
DA:60,1
DA:81,0
DA:82,0
DA:86,1
DA:87,1
DA:88,1
DA:89,1
DA:90,1
DA:91,1
DA:92,1
DA:93,1
DA:94,1
LF:20
LH:17
BRDA:26,0,0,16
BRDA:26,0,1,1
BRDA:26,0,2,1
BRDA:26,0,3,1
BRF:4
BRH:4
end_of_record
TN:
SF:src/lexical_analysis/AbstractLexer.ts
FNF:0
FNH:0
DA:7,1
LF:1
LH:1
BRF:0
BRH:0
end_of_record
TN:
SF:src/lexical_analysis/Lexer.ts
FN:19,(anonymous_1)
FN:24,(anonymous_2)
FN:246,(anonymous_3)
FNF:3
FNH:3
FNDA:14,(anonymous_1)
FNDA:16,(anonymous_2)
FNDA:256,(anonymous_3)
DA:1,1
DA:2,1
DA:3,1
DA:14,1
DA:16,14
DA:17,14
DA:20,14
DA:21,14
DA:26,16
DA:27,16
DA:31,16
DA:32,16
DA:33,16
DA:34,16
DA:35,16
DA:36,0
DA:37,0
DA:41,16
DA:44,16
DA:45,1
DA:49,15
DA:50,3
DA:53,3
DA:54,0
DA:57,3
DA:58,6
DA:59,6
DA:60,6
DA:63,3
DA:64,3
DA:65,0
DA:67,3
DA:71,12
DA:72,7
DA:74,7
DA:76,7
DA:77,9
DA:78,9
DA:79,0
DA:81,9
DA:82,9
DA:86,7
DA:87,5
DA:88,5
DA:89,5
DA:90,5
DA:94,7
DA:95,10
DA:96,10
DA:97,10
DA:101,7
DA:104,7
DA:105,2
DA:108,7
DA:109,0
DA:113,7
DA:114,1
DA:117,7
DA:120,7
DA:121,1
DA:122,1
DA:123,1
DA:124,1
DA:125,1
DA:129,7
DA:130,0
DA:133,7
DA:134,3
DA:135,3
DA:138,7
DA:140,7
DA:147,1
DA:150,7
DA:151,0
DA:154,7
DA:157,5
DA:159,5
DA:160,5
DA:162,5
DA:163,0
DA:164,0
DA:167,5
DA:168,0
DA:169,0
DA:170,0
DA:173,5
DA:174,0
DA:175,0
DA:176,0
DA:179,5
DA:180,0
DA:181,0
DA:182,0
DA:185,5
DA:186,0
DA:187,0
DA:188,0
DA:191,5
DA:192,0
DA:193,0
DA:194,0
DA:197,5
DA:198,1
DA:199,1
DA:201,1
DA:202,27
DA:205,1
DA:208,4
DA:209,3
DA:210,3
DA:211,3
DA:213,3
DA:215,3
DA:216,120
DA:217,120
DA:218,1
DA:220,120
DA:221,3
DA:224,120
DA:225,2
DA:226,2
DA:227,2
DA:230,118
DA:231,1
DA:232,1
DA:236,3
DA:239,1
DA:243,0
DA:247,256
LF:129
LH:103
BRDA:26,0,0,16
BRDA:34,1,0,16
BRDA:34,1,1,0
BRDA:36,2,0,0
BRDA:44,3,0,1
BRDA:49,4,0,3
BRDA:49,5,0,15
BRDA:49,5,1,12
BRDA:53,6,0,0
BRDA:64,7,0,0
BRDA:71,8,0,7
BRDA:76,9,0,16
BRDA:76,9,1,7
BRDA:76,9,2,0
BRDA:78,10,0,0
BRDA:86,11,0,5
BRDA:94,12,0,17
BRDA:94,12,1,15
BRDA:104,13,0,2
BRDA:104,14,0,7
BRDA:104,14,1,7
BRDA:108,15,0,0
BRDA:108,16,0,7
BRDA:108,16,1,4
BRDA:113,17,0,1
BRDA:113,18,0,7
BRDA:113,18,1,5
BRDA:113,18,2,4
BRDA:120,19,0,1
BRDA:129,20,0,0
BRDA:129,21,0,7
BRDA:129,21,1,1
BRDA:129,21,2,1
BRDA:133,22,0,10
BRDA:133,22,1,4
BRDA:140,23,0,1
BRDA:141,24,0,7
BRDA:141,24,1,1
BRDA:141,24,2,1
BRDA:141,24,3,0
BRDA:141,24,4,0
BRDA:143,25,0,0
BRDA:143,25,1,1
BRDA:143,26,0,1
BRDA:143,26,1,1
BRDA:150,27,0,0
BRDA:159,28,0,5
BRDA:162,29,0,0
BRDA:162,30,0,5
BRDA:162,30,1,1
BRDA:167,31,0,0
BRDA:167,32,0,5
BRDA:167,32,1,0
BRDA:173,33,0,0
BRDA:173,34,0,5
BRDA:173,34,1,0
BRDA:179,35,0,0
BRDA:179,36,0,5
BRDA:179,36,1,0
BRDA:185,37,0,0
BRDA:185,38,0,5
BRDA:185,38,1,1
BRDA:191,39,0,0
BRDA:191,40,0,5
BRDA:191,40,1,0
BRDA:197,41,0,1
BRDA:197,42,0,5
BRDA:197,42,1,4
BRDA:201,43,0,28
BRDA:201,43,1,28
BRDA:208,44,0,3
BRDA:208,45,0,4
BRDA:208,45,1,3
BRDA:217,46,0,1
BRDA:217,47,0,120
BRDA:217,47,1,2
BRDA:220,48,0,3
BRDA:220,49,0,120
BRDA:220,49,1,4
BRDA:224,50,0,2
BRDA:230,51,0,1
BRF:81
BRH:59
end_of_record
TN:
SF:src/lexical_analysis/TokenType.ts
FN:1,(anonymous_0)
FNF:1
FNH:1
FNDA:1,(anonymous_0)
DA:1,1
DA:2,1
DA:3,1
DA:4,1
DA:5,1
DA:6,1
DA:7,1
DA:8,1
DA:9,1
DA:10,1
DA:11,1
DA:12,1
DA:13,1
DA:14,1
DA:15,1
DA:16,1
DA:17,1
DA:18,1
DA:19,1
DA:20,1
DA:21,1
DA:22,1
DA:23,1
DA:24,1
DA:25,1
DA:26,1
DA:27,1
DA:28,1
DA:29,1
DA:30,1
DA:31,1
DA:32,1
DA:33,1
DA:34,1
DA:35,1
DA:36,1
DA:37,1
DA:38,1
DA:39,1
DA:40,1
DA:41,1
DA:42,1
DA:43,1
DA:44,1
DA:45,1
DA:46,1
DA:47,1
DA:48,1
DA:49,1
DA:50,1
DA:51,1
DA:52,1
DA:53,1
DA:54,1
DA:55,1
DA:56,1
DA:57,1
DA:60,1
LF:58
LH:58
BRDA:1,0,0,1
BRDA:1,0,1,1
BRF:2
BRH:2
end_of_record
